{"/Users/Kiran/assignement/gurbpac/src/App.jsx": {"path":"/Users/Kiran/assignement/gurbpac/src/App.jsx","statementMap":{"0":{"start":{"line":2,"column":2},"end":{"line":3,"column":null}}},"fnMap":{"0":{"name":"App","decl":{"start":{"line":1,"column":9},"end":{"line":1,"column":null}},"loc":{"start":{"line":1,"column":9},"end":{"line":7,"column":null}},"line":1}},"branchMap":{},"s":{"0":4},"f":{"0":4},"b":{},"meta":{"lastBranch":0,"lastFunction":1,"lastStatement":1,"seen":{"f:1:9:1:Infinity":0,"s:2:2:3:Infinity":0}}}
}
